[  0000000] Initializing cgroup subsys cpuset
[    0.000000] Initializing cgroup subsys cpu
[    0.000000] Initializing cgroup subsys cpuacct
[    0.000000] Linux version 4.4.0-138-generic (buildd@lcy01-amd64-006) (gcc version 5.4.0 20160609 (Ubuntu 5.4.0-6ubuntu1~16.04.10)  #64Ubuntu SMP Tue Oct 2 17:16:02 UTC 2018 (Ubuntu 4.4.0-138.164-generic 4.4.155)
[    0.000000] Command line: BOOT_IMAGE=/boot/vmlinuz-4.4.0-138-generic oo=LEL=cloudimg-rotfs ro console=tty1 console=ttyS0
[    0.000000] KERNEL supported cpus:
[    0.000000]   Intel GenuineIntel
[    0.000000]   AMD AuthenticAMD
[    0.000000]   Centaur CentaurHauls
[    0.000000] x86/fpu: xstate_offset[2]:  576, xstate_sizes[2]:  256
[    0.000000] x86/fpu: Supporting XSAVE feature 0x01: 'x87 floating point registers'
[    0.000000] x86/fpu: Supporting XSAVE feature 0x02: 'SSE registers'
[    0.000000] x86/fpu: Supporting XSAVE feature 0x04: 'AVX registers'
[    0.000000] x86/fpu: Enabled xstate features 0x7, context size is 832 bytes, using 'standard' format.
[    0.000000] e820: BIOS-provided physical RAM map:
[    0.000000] BIOS-e820: [mem 0x0000000000000000-0x000000000009fbff] usable
[    0.000000] BIOS-e820: [mem 0x000000000009fc00-0x000000000009ffff] reserved
[    0.000000] BIOS-e820: [mem 0x00000000000f0000-0x00000000000fffff] reserved
[    0.000000] BIOS-e820: [mem 0x0000000000100000-0x000000003ffeffff] usable
[    0.000000] BIOS-e820: [mem 0x000000003fff0000-0x000000003fffffff] ACPI data
[    0.000000] BIOS-e820: [mem 0x00000000fec00000-0x00000000fec00fff] reserved
[    0.000000] BIOS-e820: [mem 0x00000000fee00000-0x00000000fee00fff] reserved
[    0.000000] BIOS-e820: [mem 0x00000000fffc0000-0x00000000ffffffff] reserved
[    0.000000] NX (Execute Disabe) protection: active
[    0.000000] SMBIOS 2.5 present.
[    0.000000] Hypervisor detected: KVM
[    0.000000] e820: last_pfn = 0x3fff0 max_arch_pfn = 0x400000000
[    0.000000] MTRR: Disabled
[    0.000000] x86/PAT: MTRRs disabled, skipping PAT initialization too.
[    0.000000] CPU MTRRs all blank - virtualized system.
[    0.000000] x86/PAT: Configuration [0-7]: WB  WT  UC- UC  WB  WT  UC- UC  
[    0.000000] found SMP MP-table at [mem 0x0009fff0-0x0009ffff] mapped at [ffff88000009fff0]
[    0.000000] Scanning 1 areas for low memory corruption
[    0.000000] RAMDISK: [mem 0x3630a000-0x3717cfff]
[    0.000000] ACPI: Early table checksum verification disabled
[    0.000000] ACPI: RSDP 0x00000000000E0000 000024 (v02 VBOX  )
[    0.000000] ACPI: XSDT 0x000000003FFF0030 00003C (v01 VBOX   VBOXXSDT 00000001 ASL  00000061)
[    0.000000] ACPI: FACP 0x000000003FFF00F0 0000F4 (v04 VBOX   VBOXFACP 00000001 ASL  00000061)
[    0.000000] ACPI: DSDT 0x000000003FFF0470 0021FF (v02 VBOX   VBOXBIOS 00000002 INTL 20180105)
[    0.000000] ACPI: FACS 0x000000003FFF0200 000040
[    0.000000] ACPI: FACS 0x000000003FFF0200 000040
[    0.000000] ACPI: APIC 0x000000003FFF0240 00005C (v02 VBOX   VBOXAPIC 00000001 ASL  00000061)
[    0.000000] ACPI: SSDT 0x000000003FFF02A0 0001CC (v01 VBOX   VBOXCPUT 00000002 INTL 20180105)
[    0.000000] No NUMA configuration found
[    0.000000] Faking a node at [mem 0x0000000000000000-0x000000003ffeffff]
[    0.000000] NODE_DATA(0) allocated [mem 0x3ffeb000-0x3ffeffff]
[    0.000000] kvm-clock: Using msrs 4b564d01 and 4b564d00
[    0.000000] kvm-clock: cpu 0, msr 0:3ffe3001, primary cpu clock
[    0.000000] kvm-clock: using sched offset of 3439626675 cycles
[    0.000000] clocksource: kvm-clock: mask: 0xffffffffffffffff max_cycles: 0x1cd42e4dffb, max_idle_ns: 881590591483 ns
[    0.000000] Zone ranges:
[    0.000000]   DMA      [mem 0x0000000000001000-0x0000000000ffffff]
[    0.000000]   DMA32    [mem 0x0000000001000000-0x000000003ffeffff]
[    0.000000]   Normal   empty
[    0.000000]   Device   empty
[    0.000000] Movable zone start for each node
[    0.000000] Early memory node ranges
[    0.000000]   node   0: [mem 0x0000000000001000-0x000000000009efff]
[    0.000000]   node   0: [mem 0x0000000000100000-0x000000003ffeffff]
[    0.000000] Initmem setup node 0 [mem 0x0000000000001000-0x000000003ffeffff]
[    0.000000] ACPI: PM-Timer IO Port: 0x4008
[    0.000000] IOAPIC[0]: apic_id 2, version 32, address 0xfec00000, GSI 0-23
[    0.000000] ACPI: INT_SRC_OVR (bus 0 bus_irq 0 global_irq 2 dfl dfl)
[    0.000000] ACPI: INT_SRC_OVR (bus 0 bus_irq 9 global_irq 9 low level)
[    0.000000] Using ACPI (MADT) for SMP configuration information
[    0.000000] smpboot: Allowing 2 CPUs, 0 hotplug CPUs
[    0.000000] PM: Registered nosave memory: [mem 0x00000000-0x00000fff]
[    0.000000] PM: Registered nosave memory: [mem 0x0009f000-0x0009ffff]
[    0.000000] PM: Registered nosave memory: [mem 0x000a0000-0x000effff]
[    0.000000] PM: Registered nosave memory: [mem 0x000f0000-0x000fffff]
[    0.000000] e820: [mem 0x40000000-0xfebfffff] available for PCI devices
[    0.000000] Booting paravirtualized kernel on KVM
[    0.000000] clocksource: refined-jiffies: mask: 0xffffffff max_cycles: 0xffffffff, max_idle_ns: 7645519600211568 ns
[    0.000000] setup_percpu: NR_CPUS:512 nr_cpumask_bits:512 nr_cpu_ids:2 nr_node_ids:1
[    0.000000] PERCPU: Embedded 34 pages/cpu @ffff88003fc00000 s99608 r8192 d31464 u1048576
[    0.000000] PV qspinlock hash table entries: 256 (order: 0, 4096 bytes)
[    0.000000] Built 1 zonelists in Node order, mobility grouping on.  Total pages: 257912
[    0.000000] Policy zone: DMA32
[    0.000000] Kernel command line: BOOT_IMAGE=/boot/vmlinuz-4.4.0-138-generic root=LABEL=cloudimg-rootfs ro console=tty1 console=ttyS0
[    0.000000] PID hash table entries: 4096 (order: 3, 32768 bytes)
[    0.000000] Memory: 997708K/1048120K available (8563K kernel code, 1314K rwdata, 4004K rodata, 1528K init, 1316K bss, 50412K reserved, 0K cma-reserved)
[    0.000000] SLUB: HWalign=64, Order=0-3, MinObjects=0, CPUs=2, Nodes=1
[    0.000000] Kernel/User page tables isolation: enabled
[    0.000000] Hierarchical RCU implementation.
[    0.000000] 	Build-time adjustment of leaf fanout to 64.
[    0.000000] 	RCU restricting CPUs from NR_CPUS=512 to nr_cpu_ids=2.
[    0.000000] RCU: Adjusting geometry for rcu_fanout_leaf=64, nr_cpu_ids=2
[    0.000000] NR_IRQS:33024 nr_irqs:440 16
[    0.000000] Console: colour VGA+ 80x25
[    0.000000] console [tty1] enabled
[    0.000000] console [ttyS0] enabled
[    0.000000] tsc: Detected 2808.000 MHz processor
[    0.312424] Calibrating delay loop (skipped) preset value.. 5616.00 BogoMIPS (lpj=11232000)
[    0.313862] pid_max: default: 32768 minimum: 301
[    0.314659] ACPI: Core revision 20150930
[    0.316175] ACPI: 2 ACPI AML tables successfully acquired and loaded
[    0.317425] Security Framework initialized
[    0.318174] Yama: becoming mindful.
[    0.318814] AppArmor: AppArmor initialized
[    0.319555] Dentry cache hash table entries: 131072 (order: 8, 1048576 bytes)
[    0.321094] Inode-cache hash table entries: 65536 (order: 7, 524288 bytes)
[    0.322116] Mount-cache hash table entries: 2048 (order: 2, 16384 bytes)
[    0.323060] Mountpoint-cache hash table entries: 2048 (order: 2, 16384 bytes)
[    0.324244] Initializing cgroup subsys io
[    0.324936] Initializing cgroup subsys memory
[    0.325666] Initializing cgroup subsys devices
[    0.326362] Initializing cgroup subsys freezer
[    0.327139] Initializing cgroup subsys net_cls
[    0.327936] Initializing cgroup subsys perf_event
[    0.328642] Initializing cgroup subsys net_prio
[    0.329391] Initializing cgroup subsys hugetlb
[    0.330121] Initializing cgroup subsys pids
[    0.331870] mce: CPU supports 0 MCE banks
[    0.332568] Last level iTLB entries: 4KB 64, 2MB 8, 4MB 8
[    0.333323] Last level dTLB entries: 4KB 64, 2MB 0, 4MB 0, 1GB 4
[    0.334224] Spectre V2 : Mitigation: Full generic retpoline
[    0.335046] Spectre V2 : Spectre v2 mitigation: Speculation control IBPB not-supported IBRS not-supported
[    0.336442] Spectre V2 : Spectre v2 / SpectreRSB mitigation: Filling RSB on context switch
[    0.337975] Speculative Store Bypass: Vulnerable
[    0.340849] Freeing SMP alternatives memory: 32K
[    0.354802] ftrace: allocating 32278 entries in 127 pages
[    0.401963] smpboot: APIC(0) Converting physical 0 to logical package 0
[    0.408733] smpboot: Max logical packages: 1
[    0.409613] x2apic enabled
[    0.410330] Switched APIC routing to physical x2apic.
[    0.412043] ..TIMER: vector=0x30 apic1=0 pin1=2 apic2=-1 pin2=-1
[    0.520154] smpboot: CPU0: Intel(R) Core(TM) i7-7700HQ CPU @ 2.80GHz (family: 0x6, model: 0x9e, stepping: 0x9)
[    0.537849] Performance Events: unsupported p6 CPU model 158 no PMU driver, software events only.
[    0.539262] KVM setup paravirtual spinlock
[    0.540495] x86: Booting SMP configuration:
[    0.541157] .... node  #0, CPUs:      #1
[    0.541839] kvm-clock: cpu 1, msr 0:3ffe3041, secondary cpu clock
[    0.559240] mce: CPU supports 0 MCE banks
[    0.561730] x86: Booted up 1 node, 2 CPUs
[    0.562542] smpboot: Total of 2 processors activated (11232.00 BogoMIPS)
[    0.572923] devtmpfs: initialized
[    0.575093] evm: security.selinux
[    0.575777] evm: security.SMACK64
[    0.576325] evm: security.SMACK64EXEC
[    0.576907] evm: security.SMACK64TRANSMUTE
[    0.577536] evm: security.SMACK64MMAP
[    0.578133] evm: security.ima
[    0.578648] evm: security.capability
[    0.579369] clocksource: jiffies: mask: 0xffffffff max_cycles: 0xffffffff, max_idle_ns: 7645041785100000 ns
[    0.580763] futex hash table entries: 512 (order: 3, 32768 bytes)
[    0.581691] pinctrl core: initialized pinctrl subsystem
[    0.582570] RTC time:  1:18:56, date: 10/31/18
[    0.583375] NET: Registered protocol family 16
[    0.595834] cpuidle: using governor ladder
[    0.668031] cpuidle: using governor menu
[    0.688432] PCCT header not found.
[    0.689168] ACPI: bus type PCI registered
[    0.689995] acpiphp: ACPI Hot Plug PCI Controller Driver version: 0.5
[    0.691205] PCI: Using configuration type 1 for base access
[    0.704757] ACPI: Added _OSI(Module Device)
[    0.705609] ACPI: Added _OSI(Processor Device)
[    0.706391] ACPI: Added _OSI(3.0 _SCP Extensions)
[    0.707211] ACPI: Added _OSI(Processor Aggregator Device)
[    0.708705] ACPI: Executed 1 blocks of module-level executable AML code
[    0.711549] ACPI: Interpreter enabled
[    0.712263] ACPI: (supports S0 S5)
[    0.712910] ACPI: Using IOAPIC for interrupt routing
[    0.713888] PCI: Using host bridge windows from ACPI; if necessary, use "pci=nocrs" and report a bug
[    0.718223] ACPI: PCI Root Bridge [PCI0] (domain 0000 [bus 00-ff])
[    0.719254] acpi PNP0A03:00: _OSC: OS supports [ASPM ClockPM Segments MSI]
[    0.804443] acpi PNP0A03:00: _OSC: not requesting OS control; OS requires [ExtendedConfig ASPM ClockPM MSI]
[    0.805993] acpi PNP0A03:00: fail to add MMCONFIG information, can't access extended PCI configuration space under this bridge.
[    0.808372] PCI host bridge to bus 0000:00
[    0.809189] pci_bus 0000:00: root bus resource [io  0x0000-0x0cf7 window]
[    0.810457] pci_bus 0000:00: root bus resource [io  0x0d00-0xffff window]
[    0.811583] pci_bus 0000:00: root bus resource [mem 0x000a0000-0x000bffff window]
[    0.812938] pci_bus 0000:00: root bus resource [mem 0x40000000-0xfdffffff window]
[    0.814333] pci_bus 0000:00: root bus resource [bus 00-ff]
[    0.816559] pci 0000:00:01.1: legacy IDE quirk: reg 0x10: [io  0x01f0-0x01f7]
[    0.817718] pci 0000:00:01.1: legacy IDE quirk: reg 0x14: [io  0x03f6]
[    0.818888] pci 0000:00:01.1: legacy IDE quirk: reg 0x18: [io  0x0170-0x0177]
[    0.820056] pci 0000:00:01.1: legacy IDE quirk: reg 0x1c: [io  0x0376]
[    0.838699] pci 0000:00:07.0: quirk: [io  0x4000-0x403f] claimed by PIIX4 ACPI
[    0.841466] pci 0000:00:07.0: quirk: [io  0x4100-0x410f] claimed by PIIX4 SMB
[    0.849785] ACPI: PCI Interrupt Link [LNKA] (IRQs 5 9 10 *11)
[    0.852446] ACPI: PCI Interrupt Link [LNKB] (IRQs 5 9 *10 11)
[    0.870595] ACPI: PCI Interrupt Link [LNKC] (IRQs 5 *9 10 11)
[    0.887755] ACPI: PCI Interrupt Link [LNKD] (IRQs 5 9 10 *11)
[    0.889130] ACPI: Enabled 2 GPEs in block 00 to 07
[    0.891461] vgaarb: setting as boot device: PCI:0000:00:02.0
[    0.893394] vgaarb: device added: PCI:0000:00:02.0,decodes=io+mem,owns=io+mem,locks=none
[    0.894637] vgaarb: loaded
[    0.895133] vgaarb: bridge control possible 0000:00:02.0
[    0.896105] SCSI subsystem initialized
[    0.896805] ACPI: bus type USB registered
[    0.897448] usbcore: registered new interface driver usbfs
[    0.898229] usbcore: registered new interface driver hub
[    0.899009] usbcore: registered new device driver usb
[    0.900249] PCI: Using ACPI for IRQ routing
[    0.901138] NetLabel: Initializing
[    0.901698] NetLabel:  domain hash size = 128
[    0.902369] NetLabel:  protocols = UNLABELED CIPSOv4
[    0.903241] NetLabel:  unlabeled traffic allowed by default
[    0.904216] amd_nb: Cannot enumerate AMD northbridges
[    0.904986] clocksource: Switched to clocksource kvm-clock
[    0.910938] AppArmor: ApArr leysemnaled[  1687]npPnACPI init
[  1842]pn P AI:ou 3 devices

[    1.951907] clocksource: acpi_pm: mask: 0xffffff max_cycles: 0xffffff, max_idle_ns: 2085701024 ns
[    1.958994] NET: Registered protocol family 2
[    1.959816] TCP established hash table entries: 8192 (order: 4, 65536 bytes)
[    1.960864] TCP bind hash table entries: 8192 (order: 5, 131072 bytes)
[    1.969916] TCP: Hash tables configured (established 8192 bind 8192)
[    1.971061] UDP hash table entries: 512 (order: 2, 16384 bytes)
[    1.971942] UDP-Lite hash table entries: 512 (order: 2, 16384 bytes)
[    1.972908] NET: Registered protocol family 1
[    1.973616] pci 0000:00:00.0: iiiiting direct PCI/PCI transfers
[    2.038364] pci 0000:00:01.0: Activating ISA DMA hang workarounds
[    2.039386] Unpacking initramfs...
[    2.210677] Freeing initrd memory: 14796K
[    2.388115] platform rtc_cmos: registered platform RTC device (no PNP device found)
[    2.390537] Scanning for low memory corruption every 60 seconds
[    2.391701] audit: initializing netlink subsys (disabled)
[    2.392503] audit: type=2000 audit(1540948742.641:1): initialized
[    2.463156] Initialise system trusted keyring
[    2.464279] HugeTLB registered 2 MB page size, pre-allocated 0 pages
[    2.467128] zbud: loaded
[    2.468178] VFS: Disk quotas dquot_6.6.0
[    2.469078] VFS: Dquot-cache hash table entries: 512 (order 0, 4096 bytes)
[    2.470712] squashfs: version 4.0 (2009/01/31) Phillip Lougher
[    2.472227] fuse init (API version 7.23)
[    2.474682] Key type big_key registered
[    2.475546] Allocating IMA MOK and blacklist keyrings.
[    2.477631] Key type asymmetric registered
[    2.478529] Asymmetric key parser 'x509' registered
[    2.479589] Block layer SCSI generic (bsg) driver version 0.4 loaded (major 249)
[    2.481247] io scheduler noop registered
[    2.482117] io scheduler deadline registered (default)
[    2.483257] io scheduler cfq registered
[    2.484258] pci_hotplug: PCI Hot Plug PCI Core version: 0.5
[    2.485356] pciehp: PCI Express Hot Plug Controller Driver version: 0.4
[    2.486801] ACPI: AC Adapter [AC] (on-line)
[    2.487606] input: Power Button as /devices/LNXSYSTM:00/LNXPWRBN:00/input/input0
[    2.508792] ACPI: Power Button [PWRF]
[    2.509655] input: Sleep Button as /devices/LNXSYSTM:00/LNXSLPBN:00/input/input1
[    2.511086] ACPI: Slee  Button [SLPF]
[    2.578636] GHES: HEST is not enabled!
[    2.579416] ACPI: Battery Slot [BAT0] (battery present)
[    2.580644] Serial: 8250/16550 driver, 32 ports, IRQ sharing enabled
[    2.603504] 00:02: ttyS0 at I/O 0x3f8 (irq = 4, base_baud = 115200) is a 16550A
[    2.909386] Linux agpgart interface v0.103
[    2.911357] loop: module loaded
[    2.912438] scsi host0: ata_piix
[    2.913171] scsi host1: ata_piix
[    2.913763] ata1: PATA max UDMA/33 cmd 0x1f0 ctl 0x3f6 bmdma 0xd000 irq 14
[    2.914766] ata2: PATA max UDMA/33 cmd 0x170 ctl 0x376 bmdma 0xd008 irq 15
[    2.915825] libphy: Fixed MDIO Bus: probed
[    2.916554] tun: Universal TUN/TAP device driver, 1.6
[    2.917318] tun: (C) 1999-2004 Max Krasnyansky <maxk@qualcomm.com>
[    2.918295] PPP generic driver version 2.4.2
[    2.919060] ehci_hcd: USB 2.0 'Enhanced' Host Controller (EHCI) Driver
[    2.978134] ehci-pci: EHCI PCI platform driver
[    2.980331] ehci-platform: EHCI generic platform driver
[    2.981213] ohci_hcd: USB 1.1 'Open' Host Controller (OHCI) Driver
[    2.982114] ohci-pci: OHCI PCI platform driver
[    2.982807] ohci-platform: OHCI generic platform driver
[    2.983570] uhci_hcd: USB Universal Host Controller Interface driver
[    2.984496] i8042: PNP: PS/2 Controller [PNP0303:PS2K,PNP0f03:PS2M] at 0x60,0x64 irq 1,12
[    2.986265] serio: i8042 KBD port at 0x60,0x64 irq 1
[    2.987036] serio: i8042 AUX port at 0x60,0x64 irq 12
[    2.991273] mousedev: PS/2 mouse device common for all mice
[    2.992545] input: AT Translated Set 2 keyboard as /devices/platform/i8042/serio0/input/input2
[    2.993970] rtc_cmos rtc_cmos: rtc core: registered rtc_cmos as rtc0
[    2.995112] rtc_cmos rtc_cmos: alarms up to one day, 114 bytes nvram
[    2.996171] i2c /dev entries driver
[    3.007460] device-mapper: uevent: version 1.0.3
[    3.013626] device-mapper: ioctl: 4.34.0-ioctl (2015-10-28) initialised: dm-devel@redhat.com
[    3.018650] ledtrig-cpu: registered to indicate activity on CPUs
[    3.020112] NET: Registered protocol family 10
[    3.021147] NET: Registered protocol family 17
[    3.021941] Key type dns_resolver registered
[    3.022909] registered taskstats version 1
[    3.023713] Loading compiled-in X.509 certificates
[    3.024943] Loaded X.509 cert 'Build time autogenerated kernel key: 9a104bc44b81e9426fe5c715e47d021d02d69eba'
[    3.026622] zswap: loaded using pool lzo/zbud
[    3.028774] Key type trusted registered
[    3.031885] Key type encrypted registered
[    3.032713] AppArmor: AppArmor sha1 policy hashing enabled
[    3.033682] ima: No TPM chip found, activating TPM-bypass!
[    3.034611] ima: Allocated hash algorithm: sha1
[    3.036317] evm: HMAC attrs: 0x1
[    3.037969]   Magic number: 6:728:307
[    3.038903] tty tty36: hash matches
[    3.039575] rtc_cmos rtc_cmos: setting system clock to 2018-10-31 01:18:58 UTC (1540948738)
[    3.041094] BIOS EDD facility v0.16 2004-Jun-25, 0 devices found
[    3.042001] EDD information not available.
[    3.070016] Freeing unused kernel memory: 1528K
[    3.070901] Write protecting the kernel read-only data: 14336k
[    3.072240] Freeing unused kernel memory: 1664K
[    3.073158] Freeing unused kernel memory: 92K
Loading, please wait...
[    3.084936] random: systemd-udevd: uninitialized urandom read (16 bytes read, 3 bits of entropy available)
starting version 229
[    3.085595] random: udevadm: uninitialized urandom read (16 bytes read, 3 bits of entropy available)
[    3.085618] random: udevadm: uninitialized urandom read (16 bytes read, 3 bits of entropy available)
[    3.092717] random: udevadm: uninitialized urandom read (16 bytes read, 3 bits of entropy available)
[    3.092750] random: udevadm: uninitialized urandom read (16 bytes read, 3 bits of entropy available)
[    3.092853] random: udevadm: uninitialized urandom read (16 bytes read, 3 bits of entropy available)
[    3.092890] random: udevadm: uninitialized urandom read (16 bytes read, 3 bits of entropy available)
[    3.092927] random: udevadm: uninitialized urandom read (16 bytes read, 3 bits of entropy available)
[    3.092963] random: udevadm: uninitialized urandom read (16 bytes read, 3 bits of entropy available)
[    3.092998] random: udevadm: uninitialized urandom read (16 bytes read, 3 bits of entropy available)
[    3.171478] AVX2 version of gcm_enc/dec engaged.
[    3.173457] AES CTR mode by8 optimization enabled
[    3.176445] Fusion MPT base driver 3.04.20
[    3.177130] Copyright (c) 1999-2008 LSI Corporation
[    3.179177] e1000: Intel(R) PRO/1000 Network Driver - version 7.3.21-k8-NAPI
[    3.180169] e1000: Copyright (c) 1999-2006 Intel Corporation.
[    3.185331] Fusion MPT SPI Host driver 3.04.20
[    3.378898] input: ImExPS/2 Generic Explorer Mouse as /devices/platform/i8042/serio1/input/input4
[    3.385171] tsc: Refined TSC clocksource calibration: 2805.973 MHz
[    3.385172] clocksource: tsc: mask: 0xffffffffffffffff max_cycles: 0x28724b7638f, max_idle_ns: 440795333467 ns
[    3.540247] e1000 0000:00:03.0 eth0: (PCI:33MHz:32-bit) 02:84:11:a3:6c:d2
[    3.541468] e1000 0000:00:03.0 eth0: Intel(R) PRO/1000 Network Connection
[    3.543184] mptbase: ioc0: Initiating bringup
[    3.605403] ioc0: LSI53C1030 A0: Capabilities={Initiator}
[    3.772049] scsi host2: ioc0: LSI53C1030 A0, FwRev=00000000h, Ports=1, MaxQ=256, IRQ=20
[    3.930462] scsi 2:0:0:0: Direct-Access     VBOX     HARDDISK         1.0  PQ: 0 ANSI: 5
[    3.935816] scsi target2:0:0: Beginning Domain Validation
[    3.941352] scsi target2:0:0: Domain Validation skipping write tests
[    3.944948] scsi target2:0:0: Ending Domain Validation
[    3.948279] scsi target2:0:0: asynchronous
[    3.951906] scsi 2:0:1:0: Direct-Access     VBOX     HARDDISK         1.0  PQ: 0 ANSI: 5
[    4.025713] scsi target2:0:1: Beginning Domain Validation
[    4.027436] scsi target2:0:1: Domain Validation skipping write tests
[    4.029788] scsi target2:0:1: Ending Domain Validation
[    4.040631] scsi target2:0:1: asynchronous
[    4.054113] sd 2:0:0:0: Attached scsi generic sg0 type 0
[    4.061621] sd 2:0:0:0: [sda] 20971520 512-byte logical blocks: (10.7 GB/10.0 GiB)
[    4.068691] sd 2:0:0:0: [sda] Write Protect is off
[    4.087287] sd 2:0:1:0: [sdb] 20480 512-byte logical blocks: (10.5 MB/10.0 MiB)
[    4.088604] sd 2:0:1:0: [sdb] Write Protect is off
[    4.089456] sd 2:0:1:0: [sdb] Incomplete mode parameter data
[    4.090298] sd 2:0:1:0: [sdb] Assuming drive cache: write through
[    4.091279] sd 2:0:1:0: Attached scsi generic sg1 type 0
[    4.092484] sd 2:0:0:0: [sda] Incomplete mode parameter data
[    4.093359] sd 2:0:0:0: [sda] Assuming drive cache: write through
[    4.098373]  sda: sda1
[    4.099443] sd 2:0:0:0: [sda] Attached SCSI disk
[    4.106686] sd 2:0:1:0: [sdb] Attached SCSI disk
[    4.283926] e1000 0000:00:08.0 eth1: (PCI:33MHz:32-bit) 08:00:27:0a:bc:fc
[    4.578736] e1000 0000:00:08.0 eth1: Intel(R) PRO/1000 Network Connection
[    4.581005] e1000 0000:00:08.0 enp0s8: renamed from eth1
[    4.593203] e1000 0000:00:03.0 enp0s3: renamed from eth0
Begin: Loading e[    6.313770] md: linear personality registered for level -1
ssential drivers ... [    6.317170] md: multipath personality registered for level -4
[    6.319923] md: raid0 personality registered for level 0
[    6.323260] md: raid1 personality registered for level 1
[    6.407737] raid6: sse2x1   gen() 13805 MB/s
[    6.473450] raid6: sse2x1   xor()  9428 MB/s
[    6.541710] raid6: sse2x2   gen() 15388 MB/s
[    6.609366] raid6: sse2x2   xor() 10676 MB/s
[    6.678223] raid6: sse2x4   gen() 17638 MB/s
[    6.747715] raid6: sse2x4   xor() 12189 MB/s
[    6.907684] raid6: avx2x1   gen() 25877 MB/s
[    7.257720] raid6: avx2x2   gen() 27177 MB/s
[    7.762453] raid6: avx2x4   gen() 31888 MB/s
[    7.828450] raid6: using algorithm avx2x4 gen() 31888 MB/s
[    7.829513] raid6: using avx2x2 recovery algorithm
[    7.831459] xor: automatically using best checksumming function:
[    7.868997]    avx       : 26502.000 MB/sec
[    7.898849] async_tx: api initialized (async)
[    8.235033] md: raid6 personality registered for level 6
[    8.238932] md: raid5 personality registered for level 5
[    8.239822] md: raid4 personality registered for level 4
[    8.244739] md: raid10 personality registered for level 10
done.
Begin: Running /scripts/init-premount ... done.
Begin: Mounting root file system ... Begin: Running /scripts/local-top ... done.
Begin: Running /scripts/local-premount ... [    8.273240] Btrfs loaded
Scanning for Btrfs filesystems
done.
Warning: fsck not present, so skipping root file system
[    8.301389] EXT4-fs (sda1): mounted filesystem with ordered data mode. Opts: (null)
done.
Begin: Running /scripts/local-bottom ... done.
Begin: Running /scripts/init-bottom ... done.
[    8.780000] systemd[1]: systemd 229 running in system mode. (+PAM +AUDIT +SELINUX +IMA +APPARMOR +SMACK +SYSVINIT +UTMP +LIBCRYPTSETUP +GCRYPT +GNUTLS +ACL +XZ -LZ4 +SECCOMP +BLKID +ELFUTILS +KMOD -IDN)
[    8.850862] systemd[1]: Detected virtualization oracle.
[    8.851834] systemd[1]: Detected architecture x86-64.

Welcome to [1mUbuntu 16.04.5 LTS[0m!

[    8.893580] systemd[1]: Set hostname to <ubuntu>.
[    8.911697] systemd[1]: Initializing machine ID from random generator.
[    8.949140] systemd[1]: Installed transient /etc/machine-id file.
[    9.306450] random: nonblocking pool is initialized
[    9.609214] systemd[1]: Listening on udev Kernel Socket.
[[0;32m  OK  [0m] Listening on udev Kernel Socket.
[    9.905417] systemd[1]: Created slice System Slice.
[[0;32m  OK  [0m] Created slice System Slice.
[    9.959258] systemd[1]: Listening on Journal Socket (/dev/log).
[[0;32m  OK  [0m] Listening on Journal Socket (/dev/log).
[    9.961004] systemd[1]: Listening on LVM2 poll daemon socket.
[[0;32m  OK  [0m] Listening on LVM2 poll daemon socket.
[    9.962720] systemd[1]: Listening on Syslog Socket.
[[0;32m  OK  [0m] Listening on Syslog Socket.
[    9.964482] systemd[1]: Created slice system-serial\x2dgetty.slice.
[[0;32m  OK  [0m] Created slice system-serial\x2dgetty.slice.
[    9.966367] systemd[1]: Started Forward Password Requests to Wall Directory Watch.
[[0;32m  OK  [0m] Started Forward Password Requests to Wall Directory Watch.
[    9.968697] systemd[1]: Listening on udev Control Socket.
[[0;32m  OK  [0m] Listening on udev Control Socket.
[    9.970459] systemd[1]: Listening on Journal Socket.
[[0;32m  OK  [0m] Listening on Journal Socket.
[    9.981150] systemd[1]: Starting Uncomplicated firewall...
         Starting Uncomplicated firewall...
[    9.983553] systemd[1]: Mounting POSIX Message Queue File System...
         Mounting POSIX Message Queue File System...
[   10.041268] systemd[1]: Mounting Huge Pages File System...
         Mounting Huge Pages File System...
[   10.044791] systemd[1]: Mounting Debug File System...
         Mounting Debug File System...
[   10.047623] systemd[1]: Starting Nameserver information manager...
         Starting Nameserver information manager...
[   10.050612] systemd[1]: Starting Load Kernel Modules...
         Starting Load Kernel Modules...
[   10.052430] systemd[1]: Created slice User and Session Slice.
[[0;32m  OK  [0m] Created slice User and Session Slice.
[   10.054174] systemd[1]: Reached target Slices.
[[0;32m  OK  [0m] Reached target Slices.
[   10.056194] systemd[1]: Starting Create list of required static device nodes for the current kernel...
         Starting Create list of required st... nodes for the current kernel...
[   10.058828] systemd[1]: Started Trigger resolvconf update for networkd DNS.
[[0;32m  OK  [0m] Started Trigger resolvconf update for networkd DNS.
[   10.060779] systemd[1]: Listening on LVM2 metadata daemon socket.
[[0;32m  OK  [0m] Listening on LVM2 metadata daemon socket.
[   10.062534] systemd[1]: Reached target Swap.
[[0;32m  OK  [0m] Reached target Swap.
[   10.064066] systemd[1]: Set up automount Arbitrary Executable File Formats File System Automount Point.
[[0;32m  OK  [0m] Set up automount Arbitrary Executab...ats File System Automount Point.
[   10.070815] systemd[1]: Reached target System Time Synchronized.
[   10.233755] Loading iSCSI transport class v2.0-870.
[[0;32m  OK  [0m] Reached target System Time Synchronized.
[   10.457231] systemd[1]: Listening on /dev/initctl Compatibility Named Pipe.
[[0;32m  OK  [[   10.471952] iscsi: registered transport (tcp)
0m] Listening on /dev/initctl Compatibility Named Pipe.
[   10.487760] systemd[1]: Reached target Encrypted Volumes.
[[0;32m  OK  [0m] Reached target Encrypted Volumes.
[   10.505553] systemd[1]: Starting Set console keymap...
         Starting Set console keymap...
[   1..673186] systemd[1]: Reached target User and Group Name Lookups.
[[0;32m  OK  [0m] Reached target User and Group Name Lookups.
[   10.730035] systemd[1]: Listening on Device-mapper event daemon FIFOs.
[[0;32m  OK  [0m] Listening on Device-mapper event daemon FIFOs.
[   10.741127] systemd[1]: Starting Monitoring of LVM2 mirrors, snapshots etc. using dmeventd or progress polling...
         Starting Monitoring of LVM2 mirrors... dmeventd or progress polling...
[   10.856108] systemd[1]: Listening on Journal Audit Socket.
[[0;32m  OK  [0m] Listening on Journal Audit Socket.
[   10.858377] systemd[1]: Starting Journal Service...
         Starting Journal Service...
[   10.860544] systemd[1]: Starting Remount Root and Kernel File Systems...
         Starting Remount Root and Kernel File Systems...
[   10.864138] systemd[1]: Mounted Huge Pages File System.
[[0;32m  OK  [0m] Mounted Huge Pages File System.
[   11.009011] systemd[1]: Mounted POSIX Message Queue File System.
[[0;32m  OK  [0m] Mounted POSIX Message Queue File System.
[   11.012070] systemd[1]: Mounted Debug File System.
[[0;32m  OK  [0m] Mounted Debug File System.
[   11.014179] systemd[1]: Started Uncomplicated firewall.
[[0;32m  OK  [0m] Started Uncomplicated firewall.
[   11.020390] systemd[1]: Started Create list of required static device nodes for the current kernel.
[[0;32m  OK  [0m] Started Create list of required sta...ce nodes for the current kernel.
[   11.069224] systemd[1]: Starting Create Static Device Nodes in /dev...
         Starting Create Static Device Nodes in /dev...
[   11.081395] EXT4-fs (sda1): re-mounted. Opts: (null)
[   11.083168] systemd[1]: Started Remount Root and Kernel File Systems.
[[0;32m  OK  [0m] Started Remount Root and Kernel File Systems.
[   11.087640] systemd[1]: Starting Load/Save Random Seed...
         Starting Load/Save Random Seed...
[   11.095757] systemd[1]: Starting udev Coldplug all Devices...
         Starting udev Coldplug all Devices...
[   11.098470] iscsi: registered transport (iser)
[   11.100327] systemd[1]: Started Load Kernel Modules.
[[0;32m  OK  [0m] Started Load Kernel Modules.
[   11.105837] systemd[1]: Started Nameserver information manager.
[[0;32m  OK  [0m] Started Nameserver information manager.
[   11.113952] systemd[1]: Starting Apply Kernel Variables...
         Starting Apply Kernel Variables...
[   11.117454] systemd[1]: Mounting FUSE Control File System...
         Mounting FUSE Control File System...
[   11.128839] systemd[1]: Mounted FUSE Control File System.
[[0;32m  OK  [0m] Mounted FUSE Control File System.
[   11.139570] systemd[1]: Started Set console keymap.
[[0;32m  OK  [0m] Started Set console keymap.
[   11.159905] systemd[1]: Started Load/Save Random Seed.
[[0;32m  OK  [0m] Started Load/Save Random Seed.
[   11.308336] systemd[1]: Started udev Coldplug all Devices.
[[0;32m  OK  [0m] Started udev Coldplug all Devices.
[[0;32m  OK  [0m] Started Apply Kernel Variables.
[[0;32m  OK  [0m] Started LVM2 metadata daemon.
[[0;32m  OK  [0m] Started Journal Service.
         Starting Flush Journal to Persistent Storage...
[[0;32m  OK  [0m] Started Create Static Device Nodes in /dev.
         Starting udev Kernel Device Manager...
[[0;32m  OK  [0m] Started Flush Journal to Persistent Storage.
[[0;32m  OK  [0m] Started udev Kernel Device Manager.
[[0;32m  OK  [0m] Started Dispatch Password Requests to Console Directory Watch.
[[0;32m  OK  [0m] Started Monitoring of LVM2 mirrors,...ng dmeventd or progress polling.
[[0;32m  OK  [0m] Reached target Local File Systems (Pre).
[[0;32m  OK  [0m] Reached target Local File Systems.
         Starting Set console font and keymap...
         Starting Create Volatile Files and Directories...
         Starting Tell Plymouth To Write Out Runtime Data...
         Starting Initial cloud-init job (pre-networking)...
         Starting LSB: AppArmor initialization...
         Starting Commit a transient machine-id on disk...
[[0;32m  OK  [0m] Started Create Volatile Files and Directories.
[[0;32m  OK  [0m] Found device /dev/ttyS0.
[[0;32m  OK  [0m] Listening on Load/Save RF Kill Switch Status /dev/rfkill Watch.
         Starting Update UTMP about System Boot/Shutdown...
[[0;32m  OK  [0m] Started Tell Plymouth To Write Out Runtime Data.
[[0;32m  OK  [0m] Started Commit a transient machine-id on disk.
[[0;32m  OK  [0m] Started Update UTMP about System Boot/Shutdown.
[[0;32m  OK  [0m] Started Set console font and keymap.
[[0;32m  OK  [0m] Created slice system-getty.slice.
[[0;32m  OK  [0m] Started LSB: AppArmor initialization.
[   14.355540] cloud-init[492]: Cloud-init v. 18.4-0ubuntu1~16.04.2 running 'init-local' at Wed, 31 Oct 2018 01:19:10 +0000. Up 13.98 seconds.
[[0;32m  OK  [0m] Started Initial cloud-init job (pre-networking).
[[0;32m  OK  [0m] Reached target Network (Pre).
         Starting Raise network interfaces...
[[0;32m  OK  [0m] Started Raise network interfaces.
[[0;32m  OK  [0m] Reached target Network.
         Starting Initial cloud-init job (metadata service crawler)...
[   16.729426] cloud-init[948]: Cloud-init v. 18.4-0ubuntu1~16.04.2 running 'init' at Wed, 31 Oct 2018 01:19:11 +0000. Up 15.14 seconds.
[[0;32m  OK  [0m] Started Initial cloud-init job (metadata service crawler).
[   16.819138] cloud-init[948]: ci-info: ++++++++++++++++++++++++++++++++++++++Net device info+++++++++++++++++++++++++++++++++++++++
[   16.821015] cloud-init[948]: ci-info: +--------+-------+----------------------------+---------------+--------+-------------------+[[0;32m  OK  [0m] Reached target System Initialization.

[   16.823604] [[0;32m  OK  [0m] Started ACPI Events Check.
[[0;32m  OK  [0m] Reached target Paths.
cloud-init[948]: ci-info: | Device |   Up  |          Address           |      Mask     | Scope  |     Hw-Address    |
[   16.831974] cloud-init[948]: ci-info: +--------+-------+----------------------------+---------------+--------+-------------------+
[   16.833772] cloud-init[948]: ci-info: | enp0s3 |  True |         10.0.2.15          | 255.255.255.0 | global | 02:84:11:a3:6c:d2 |
[   16.835392] cloud-init[948]: ci-info: | enp0s3 |  True | fe80::84:11ff:fea3:6cd2/64 |       .       |  link  | 02:84:11:a3:6c:d2 |         Starting LXD - unix socket.
[[0;32m  OK  [0m] Started Daily Cleanup of Temporary Directories.
[[0;32m  OK  [0m] Listening on D-Bus System Message Bus Socket.
[[0;32m  OK  [0m] Listening on ACPID Listen Socket.
         Starting Socket activation for snappy daemon.
[[0;32m  OK  [0m] Started Daily apt download activities.
[[0;32m  OK  [0m] Started Daily apt upgrade and clean activities.
[[0;32m  OK  [0m] Reached target Timers.
[[0;32m  OK  [0m] Listening on UUID daemon activation socket.
[[0;32m  OK  [0m] Reached target Cloud-config availability.
[[0;32m  OK  [0m] Reached target Network is Online.

[   16.841634] cloud-init[948]: ci-info: | enp0s8 | False |             .              |       .       |   .    | 08:00:27:0a:bc:fc |
[   16.843291] cloud-init[948]: ci-info: |   lo   |  True |         127.0.0.1          |   255.0.0.0   |  host  |         .         |
[   16.844883] cloud-init[948]: ci-info: |   lo   |  True |          ::1/128           |       .       |  host  |         .         |
[   16.846545] cloud-init[948]: ci-info: +--------+-------+----------------------------+---------------+--------+-------------------+
[   16.848154] cloud-init[948]: ci-info: +++++++++++++++++++++++++++Route IPv4 info++++++++++++++++++++++++++++
[   16.849610] cloud-init[948]: ci-info: +-------+-------------+----------+---------------+-----------+-------+
[   16.851042] cloud-init[948]: ci-info: | Route | Destination | Gateway  |    Genmask    | Interface | Flags |
[   16.852491] cloud-init[948]: ci-info: +-------+-------------+----------+---------------+-----------+-------+
[   16.853881] cloud-init[948]: ci-info: |   0   |   0.0.0.0   | 10.0.2.2 |    0.0.0.0    |   enp0s3  |   UG  |
[   16.855203] cloud-init[948]: ci-info: |   1   |   10.0.2.0  | 0.0.0.0  | 255.255.255.0 |   enp0s3  |   U   |         Starting iSCSI initiator daemon (iscsid)...

[   16.856961] [[0;32m  OK  [0m] Listening on LXD - unix socket.
[[0;32m  OK  [0m] Listening on Socket activation for snappy daemon.
[[0;32m  OK  [0m] Reached target Sockets.
[[0;32m  OK  [0m] Reached target Basic System.
[[0;32m  OK  [0m] Started Unattended Upgrades Shutdown.
cloud-init[948]: [[0;32m  OK  [0m] Started ACPI event daemon.
ci-info: +-------+-------------+----------+---------------+-----------+-------+
[   16.863267] cloud-init[948]: ci-info: +++++++++++++++++++Route IPv6 info+++++++++++++++++++
[   16.864539] cloud-init[948]: ci-info: +-------+-------------+---------+-----------+-------+
[   16.865752] cloud-init[948]: ci-info: | Route | Destination | Gateway | Interface | Flags |
[   16.868806] cloud-init[948]: ci-info: +-------+-------------+---------+-----------+-------+
[   16.870212] cloud-init[948]: [[0;32m  OK  [0m] Started Regular background program processing daemon.
ci-info: |   0   |  fe80::/64  |    ::   |   enp0s3  |   U   |         Starting /etc/rc.local Compatibility...

[   16.873235] [[0;32m  OK  [0m] Started D-Bus System Message Bus.
cloud-init[948]: ci-info: |   3   |   ff00::/8  |    ::   |   enp0s3  |   U   |
[   16.875359] cloud-init[948]: ci-info: +-------+-------------+---------+-----------+-------+
[   16.877154] cloud-init[948]: Generating public/private rsa key pair.
[   16.879357] cloud-init[948]: Your identification has been saved in /etc/ssh/ssh_host_rsa_key.
[   16.880903] cloud-init[948]: Your public key has been saved in /etc/ssh/ssh_host_rsa_key.pub.
[   16.882193] cloud-init[948]: The key fingerprint is:
[   16.883270] cloud-init[948]: SHA256:ZYy/ND2A6JhI1DKr2RmuEaGw9uMHFlDGP0E1eH1UbwM root@ubuntu-xenial
[   16.884571] cloud-init[948]: The key's randomart image is:
[   16.886043] cloud-init[948]: +---[RSA 2048]----+
[   16.886981] cloud-init[948]: |  ++..oo. ...E   |
[   16.887912] cloud-init[948]: |oo+..o o.= .  o  |
[   16.888907] cloud-init[948]: |ooo+. + o *    + |
[   16.889846] cloud-init[948]: |+ooo *   + o  . .|
[   16.890774] cloud-init[948]: |.*oo+ o S + o    |
[   16.891779] cloud-init[948]: |+ +=     . o .   |
[   16.892910] cloud-init[948]: | oo o     .      |
[   16.893980] cloud-init[948]: |.  . .           |
[   16.895583] cloud-init[948]: |    .            |
[   16.896713] cloud-init[948]: +----[SHA256]-----+
[   16.897797] cloud-init[948]: Generating public/private dsa key pair.
[   16.899024] cloud-init[948]: Your identification has been saved in /etc/ssh/ssh_host_dsa_key.
[   16.900503] cloud-init[948]: Your public key has been saved in /etc/ssh/ssh_host_dsa_key.pub.
[   16.901975] cloud-init[948]: The key fingerprint is:
[   16.903168] cloud-init[948]: SHA256:606L1Zj5nEySO10o+R3QTj00zbrIqitAmxxDVF83fhc root@ubuntu-xenial
[   16.904752] cloud-init[948]: The key's randomart image is:
[   16.905992] cloud-init[948]: +---[DSA 1024]----+
[   16.907059] cloud-init[948]: |   ....   . o  E |
[   16.908154] cloud-init[948]: |    .  . . o .o +|
[   16.909214] cloud-init[948]: |   .    .  ..o.o.|
[   16.910285] cloud-init[948]: |    +     . o.+. |
[   16.911342] cloud-init[948]: |   o =  S. * . o |
[   16.912435] cloud-init[948]: |    =   oB. * .  |
[   16.913501] cloud-init[948]: |     .  X+o+ .   |
[   16.914566] cloud-init[948]: |      .=.O+..    |
[   16.915663] cloud-init[948]: |      .oB+=      |
[   16.916783] cloud-init[948]: +----[SHA256]-----+
[   16.917840] cloud-init[948]: Generating public/private ecdsa key pair.
[   16.919077] cloud-init[948]: Your identification has been saved in /etc/ssh/ssh_host_ecdsa_key.
[   16.920553] cloud-init[948]: Your public key has been saved in /etc/ssh/ssh_host_ecdsa_key.pub.
[   16.922273] cloud-init[948]: The key fingerprint is:
[   16.923382] cloud-init[948]: SHA256:5VHatXg6YXcD8E9+2/en7neRgRBOF3PMw/ZJFji0oNI root@ubuntu-xenial
[   16.924945] cloud-init[948]: The key's randomart image is:
[   16.926107] cloud-init[948]: +---[ECDSA 256]---+
[   16.927128] cloud-init[948]: |           ==*Bo.|
[   16.928258] cloud-init[948]: |        . +=+==X |
[   16.929277] cloud-init[948]: |       . E+.*oXo=|
[   16.930347] cloud-init[948]: |        .o o *++o|
[   16.931369] cloud-init[948]: |        S . o  o+|
[   16.932454] cloud-init[948]: |             . o+|
[   16.933559] cloud-init[948]: |               .+|
[   16.934776] cloud-init[948]: |                *|
[   16.935800] cloud-init[948]: |             o+o+|
[   16.936910] cloud-init[948]: +----[SHA256]-----+
[   16.937973] cloud-init[948]: Generating public/private ed25519 key pair.
[   16.939186] cloud-init[948]: Your identification has been saved in /etc/ssh/ssh_host_ed25519_key.
[   16.940711] cloud-init[948]: Your public key has been saved in /etc/ssh/ssh_host_ed25519_key.pub.
[   16.942276] cloud-init[948]: The key fingerprint is:
[   16.943422] cloud-init[948]: SHA256:mOPH9u4g1UhdzpCahhTkAkfpBH/miBslGt3HkCwtc/w root@ubuntu-xenial
[   16.945206] cloud-init[948]: The key's randomart image is:
[   16.946424] cloud-init[948]: +--[ED25519 256]--+
[   16.947549] cloud-init[948]: |  o*++o.  ...    |
[   16.948691] cloud-init[948]: | .+=O+.  ..=     |
[   16.950114] cloud-init[948]: |. oB=o*..o. o    |
[   16.951254] cloud-init[948]: | o +.BE++o       |
[   16.952420] cloud-init[948]: |. o . =.S .      |
[   16.953513] cloud-init[948]: |   o . +         |
[   16.954633] cloud-init[948]: |  .   o =        |
[   16.955663] cloud-init[948]: |       + o       |
[   16.956743] cloud-init[948]: |         o+      |
[   16.957827] cloud-init[948]: +----[SHA256]-----+
         Starting Login Service...
[[0;32m  OK  [0m] Started FUSE filesystem for LXC.
         Starting LSB: Record successful boot for GRUB...
         Starting System Logging Service...
         Starting Snappy daemon...
         Starting Pollinate to seed the pseudo random number generator...
         Starting Virtualbox guest utils...
         Starting LSB: MD monitoring daemon...
         Starting Accounts Service...
[[0;32m  OK  [0m] Started Deferred execution scheduler.
         Starting LXD - container startup/shutdown...
[[0;32m  OK  [0m] Started /etc/rc.local Compatibility.
[[0;32m  OK  [0m] Started LSB: Record successful boot for GRUB.
[[0;32m  OK  [0m] Started Login Service.
[[0;32m  OK  [0m] Started iSCSI initiator daemon (iscsid).
         Starting Login to default iSCSI targets...
[[0;32m  OK  [0m] Started System Logging Service.
[[0;32m  OK  [0m] Started LSB: MD monitoring daemon.
[[0;32m  OK  [0m] Started Login to default iSCSI targets.
[[0;32m  OK  [0m] Reached target Remote File Systems (Pre).
[[0;32m  OK  [0m] Reached target Remote File Systems.
         Starting Permit User Sessions...
         Starting LSB: daemon to balance interrupts for SMP systems...
         Starting LSB: Set the CPU Frequency Scaling governor to "ondemand"...
         Starting LSB: automatic crash report generation...
[[0;32m  OK  [0m] Started LSB: Set the CPU Frequency Scaling governor to "ondemand".
[[0;32m  OK  [0m] Started Permit User Sessions.
         Starting Hold until boot process finishes up...
         Starting Terminate Plymouth Boot Screen...
[[0;32m  OK  [0m] Started Hold until boot process finishes up.
         Starting Set console scheme...
[[0;32m  OK  [0m] Started Getty on tty1.
[[0;32m  OK  [0m] Started Serial Getty on ttyS0.
[[0;32m  OK  [0m] Reached target Login Prompts.
[[0;32m  OK  [0m] Started Terminate Plymouth Boot Screen.
[[0;32m  OK  [0m] Started LSB: automatic crash report generation.
[[0;32m  OK  [0m] Started LSB: daemon to balance interrupts for SMP systems.
[[0;32m  OK  [0m] Started Set console scheme.
         Starting Authenticate and Authorize Users to Run Privileged Tasks...
[[0;32m  OK  [0m] Started Virtualbox guest utils.
[[0;32m  OK  [0m] Started Authenticate and Authorize Users to Run Privileged Tasks.
[[0;32m  OK  [0m] Started Accounts Service.
[[0;32m  OK  [0m] Started LXD - container startup/shutdown.
[[0;32m  OK  [0m] Started Snappy daemon.
         Starting Wait until snapd is fully seeded...
[[0;32m  OK  [0m] Started Pollinate to seed the pseudo random number generator.
         Starting OpenBSD Secure Shell server...
[[0;32m  OK  [0m] Started OpenBSD Secure Shell server.
[[0;32m  OK  [0m] Created slice User Slice of vagrant.
         Starting User Manager for UID 1000...
[[0;32m  OK  [0m] Started Session 1 of user vagrant.
[[0;32m  OK  [0m] Started User Manager for UID 1000.
[[0;32m  OK  [0m] Started Wait until snapd is fully seeded.
         Starting Apply the settings specified in cloud-config...
[[0;32m  OK  [0m] Reached target Multi-User System.
[[0;32m  OK  [0m] Reached target Graphical Interface.
         Starting Update UTMP about System Runlevel Changes...
[[0;32m  OK  [0m] Started Update UTMP about System Runlevel Changes.
[   21.605638] cloud-init[1337]: Generating locales (this might take a while)...
[   22.432267] cloud-init[1337]:   en_US.UTF-8... done
[   22.435328] cloud-init[1337]: Generation complete.
[   23.500036] cloud-init[1337]: Cloud-init v. 18.4-0ubuntu1~16.04.2 running 'modules:config' at Wed, 31 Oct 2018 01:19:17 +0000. Up 21.43 seconds.
ci-info: no authorized ssh keys fingerprints found for user ubuntu.
<14>Oct 31 01:19:19 ec2: 
<14>Oct 31 01:19:19 ec2: #############################################################
<14>Oct 31 01:19:19 ec2: -----BEGIN SSH HOST KEY FINGERPRINTS-----
<14>Oct 31 01:19:19 ec2: 1024 SHA256:606L1Zj5nEySO10o+R3QTj00zbrIqitAmxxDVF83fhc root@ubuntu-xenial (DSA)
<14>Oct 31 01:19:19 ec2: 256 SHA256:5VHatXg6YXcD8E9+2/en7neRgRBOF3PMw/ZJFji0oNI root@ubuntu-xenial (ECDSA)
<14>Oct 31 01:19:19 ec2: 256 SHA256:mOPH9u4g1UhdzpCahhTkAkfpBH/miBslGt3HkCwtc/w root@ubuntu-xenial (ED25519)
<14>Oct 31 01:19:19 ec2: 2048 SHA256:ZYy/ND2A6JhI1DKr2RmuEaGw9uMHFlDGP0E1eH1UbwM root@ubuntu-xenial (RSA)
<14>Oct 31 01:19:19 ec2: -----END SSH HOST KEY FINGERPRINTS-----
<14>Oct 31 01:19:19 ec2: #############################################################
-----BEGIN SSH HOST KEY KEYS-----
ecdsa-sha2-nistp256 AAAAE2VjZHNhLXNoYTItbmlzdHAyNTYAAAAIbmlzdHAyNTYAAABBBDcKbnFEvTrn62jPRh3LqqgeNVTLUtY22nSBovaoy9VNqt6Zq2E5pVpIlQgxIQQoEIyN3dIsC1a0ErhXjaZz3Fo= root@ubuntu-xenial
ssh-ed25519 AAAAC3NzaC1lZDI1NTE5AAAAIKnWnEUPvrgGBji2EtT6bOuG2//canXOkEcMTjvynQhW root@ubuntu-xenial
ssh-rsa AAAAB3NzaC1yc2EAAAADAQABAAABAQCmWa75LY8qp3Y6eSYU3LQRXjJrucmGsZSxsoDsqBguHkxg3Rx+JVRZV6gXLsNSRlQWRppI182e/Bs44eCgBs0qcmxyMNgSgHOIITcyW7UdTqEPrg7eNCczPOEWUm/z182hyf3hUIGsHEjBaPfiYTdTcjU9EaZ9WGDJGDYMqKvRQPmTl3i9bBbl58jmidrb5zDnvPBzGkW9YNZ9VRAjCnucdvo8ppPh7/a6rtPxNUueZ2LSHeFQel46nPItOGY0MfpscE91FvWcf2j4dCca0VMpOfGKkDXqgvkUq/xR+zb4H0imPETPuwUnbadBmz23aXeJ1FPb4IjYIAsfc/YjWVH1 root@ubuntu-xenial
-----END SSH HOST KEY KEYS-----
[   23.854435] cloud-init[1504]: Cloud-init v. 18.4-0ubuntu1~16.04.2 running 'modules:final' at Wed, 31 Oct 2018 01:19:19 +0000. Up 23.72 seconds.
[   23.854607] cloud-init[1504]: ci-info: no authorized ssh keys fingerprints found for user ubuntu.
[   23.854701] cloud-init[1504]: Cloud-init v. 18.4-0ubuntu1~16.04.2 finished at Wed, 31 Oct 2018 01:19:19 +0000. Datasource DataSourceNoCloud [seed=/dev/sdb][dsmode=net].  Up 23.83 seconds

Ubuntu 16.04.5 LTS ubuntu-xenial ttyS0

ubuntu-xenial login: 